1514411591291	geckodriver	INFO	geckodriver 0.19.1
1514411591295	geckodriver	INFO	Listening on 127.0.0.1:54506
1514411592380	mozrunner::runner	INFO	Running command: "/Applications/Firefox.app/Contents/MacOS/firefox-bin" "-marionette" "-profile" "/var/folders/qs/7t1yhnj92fvd3wncdmwg0wq80000gn/T/rust_mozprofile.o2fc2ZUAY1SL"
1514411592861	addons.xpi	WARN	Error parsing extensions state: [Exception... "Component returned failure code: 0x80520012 (NS_ERROR_FILE_NOT_FOUND) [amIAddonManagerStartup.readStartupData]"  nsresult: "0x80520012 (NS_ERROR_FILE_NOT_FOUND)"  location: "JS frame :: resource://gre/modules/addons/XPIProvider.jsm :: loadExtensionState :: line 1596"  data: no] Stack trace: loadExtensionState()@resource://gre/modules/addons/XPIProvider.jsm:1596 < getInstallState()@resource://gre/modules/addons/XPIProvider.jsm:1631 < checkForChanges()@resource://gre/modules/addons/XPIProvider.jsm:3152 < startup()@resource://gre/modules/addons/XPIProvider.jsm:2246 < callProvider()@resource://gre/modules/AddonManager.jsm:271 < _startProvider()@resource://gre/modules/AddonManager.jsm:741 < startup()@resource://gre/modules/AddonManager.jsm:908 < startup()@resource://gre/modules/AddonManager.jsm:3122 < observe()@jar:file:///Applications/Firefox.app/Contents/Resources/omni.ja!/components/addonManager.js:65
1514411593286	Marionette	INFO	Enabled via --marionette
2017-12-27 15:53:15.055 plugin-container[34862:5716981] *** CFMessagePort: bootstrap_register(): failed 1100 (0x44c) 'Permission denied', port = 0x15377, name = 'com.apple.tsm.portname'
See /usr/include/servers/bootstrap_defs.h for the error codes.
1514411595217	Marionette	INFO	Listening on port 54513
JavaScript error: chrome://marionette/content/server.js, line 337: NS_ERROR_SOCKET_ADDRESS_IN_USE: Component returned failure code: 0x804b0036 (NS_ERROR_SOCKET_ADDRESS_IN_USE) [nsIServerSocket.initSpecialConnection]
1514411595294	Marionette	WARN	TLS certificate errors will be ignored for this session
1514411595317	Marionette	DEBUG	loaded listener.js
1514411595330	Marionette	DEBUG	Received DOM event "beforeunload" for "about:blank"
1514411595380	Marionette	DEBUG	Received DOM event "pagehide" for "about:blank"
1514411595380	Marionette	DEBUG	Received DOM event "unload" for "about:blank"
1514411595705	Marionette	DEBUG	Received DOM event "DOMContentLoaded" for "https://www.python.org/"
1514411595755	Marionette	DEBUG	Received DOM event "pageshow" for "https://www.python.org/"
1514412176494	geckodriver	INFO	geckodriver 0.19.1
1514412176497	geckodriver	INFO	Listening on 127.0.0.1:54648
1514412177541	mozrunner::runner	INFO	Running command: "/Applications/Firefox.app/Contents/MacOS/firefox-bin" "-marionette" "-profile" "/var/folders/qs/7t1yhnj92fvd3wncdmwg0wq80000gn/T/rust_mozprofile.rMD2YPUqLbhP"
1514412177698	addons.xpi	WARN	Error parsing extensions state: [Exception... "Component returned failure code: 0x80520012 (NS_ERROR_FILE_NOT_FOUND) [amIAddonManagerStartup.readStartupData]"  nsresult: "0x80520012 (NS_ERROR_FILE_NOT_FOUND)"  location: "JS frame :: resource://gre/modules/addons/XPIProvider.jsm :: loadExtensionState :: line 1596"  data: no] Stack trace: loadExtensionState()@resource://gre/modules/addons/XPIProvider.jsm:1596 < getInstallState()@resource://gre/modules/addons/XPIProvider.jsm:1631 < checkForChanges()@resource://gre/modules/addons/XPIProvider.jsm:3152 < startup()@resource://gre/modules/addons/XPIProvider.jsm:2246 < callProvider()@resource://gre/modules/AddonManager.jsm:271 < _startProvider()@resource://gre/modules/AddonManager.jsm:741 < startup()@resource://gre/modules/AddonManager.jsm:908 < startup()@resource://gre/modules/AddonManager.jsm:3122 < observe()@jar:file:///Applications/Firefox.app/Contents/Resources/omni.ja!/components/addonManager.js:65
1514412177902	Marionette	INFO	Enabled via --marionette
2017-12-27 16:02:58.717 plugin-container[34873:5722642] *** CFMessagePort: bootstrap_register(): failed 1100 (0x44c) 'Permission denied', port = 0xad33, name = 'com.apple.tsm.portname'
See /usr/include/servers/bootstrap_defs.h for the error codes.
1514412178813	Marionette	INFO	Listening on port 54654
1514412178825	Marionette	WARN	TLS certificate errors will be ignored for this session
JavaScript error: chrome://marionette/content/server.js, line 337: NS_ERROR_SOCKET_ADDRESS_IN_USE: Component returned failure code: 0x804b0036 (NS_ERROR_SOCKET_ADDRESS_IN_USE) [nsIServerSocket.initSpecialConnection]
1514412178848	Marionette	DEBUG	loaded listener.js
1514412178859	Marionette	DEBUG	Received DOM event "beforeunload" for "about:blank"
1514412178888	Marionette	DEBUG	Received DOM event "pagehide" for "about:blank"
1514412178888	Marionette	DEBUG	Received DOM event "unload" for "about:blank"
1514412179566	Marionette	DEBUG	Received DOM event "DOMContentLoaded" for "http://www.cnn.com/"
1514412179588	Marionette	DEBUG	Received DOM event "pageshow" for "http://www.cnn.com/"
1514412180220	Marionette	DEBUG	Received DOM event "DOMContentLoaded" for "http://www.cnn.com/"
1514412180221	Marionette	DEBUG	Received DOM event "pageshow" for "http://www.cnn.com/"
1514412180676	Marionette	DEBUG	Received DOM event "DOMContentLoaded" for "https://a125375509.cdn.optimizely.com/client_storage/a125375509.html"
1514412180685	Marionette	DEBUG	Received DOM event "pageshow" for "https://a125375509.cdn.optimizely.com/client_storage/a125375509.html"
1514412180870	Marionette	DEBUG	Received DOM event "DOMContentLoaded" for "http://www.cnn.com/"
1514412180873	Marionette	DEBUG	Received DOM event "pageshow" for "http://www.cnn.com/"
1514412180936	Marionette	DEBUG	Received DOM event "DOMContentLoaded" for "http://cdn.krxd.net/partnerjs/xdi/proxy.3d2100fd7107262ecb55ce6847f01fa5.html#!kxcid=ITb_4eqO&kxt=http%3A%2F%2Fwww.cnn.com&kxcl=cdn&kxp="
1514412180937	Marionette	DEBUG	Received DOM event "DOMContentLoaded" for "https://assets.bounceexchange.com/assets/bounce/local_storage_frame7.min.html#340"
1514412180938	Marionette	DEBUG	Received DOM event "pageshow" for "https://assets.bounceexchange.com/assets/bounce/local_storage_frame7.min.html#340"
1514412180943	Marionette	DEBUG	Received DOM event "DOMContentLoaded" for "https://cdns.us1.gigya.com/gs/webSdk/Api.aspx?apiKey=3_gtUbleJNtrRITgx-1mM_ci7GcIrH8xL9W_VfAbzSa4zpFrRwnpq_eYd8QTRkr7VC#origin=http://www.cnn.com/&hasGmid=false"
1514412180944	Marionette	DEBUG	Received DOM event "pageshow" for "https://cdns.us1.gigya.com/gs/webSdk/Api.aspx?apiKey=3_gtUbleJNtrRITgx-1mM_ci7GcIrH8xL9W_VfAbzSa4zpFrRwnpq_eYd8QTRkr7VC#origin=http://www.cnn.com/&hasGmid=false"
1514412180945	Marionette	DEBUG	Received observer notification "outer-window-destroyed" for "2147483661"
1514412180997	Marionette	DEBUG	Received DOM event "pageshow" for "http://cdn.krxd.net/partnerjs/xdi/proxy.3d2100fd7107262ecb55ce6847f01fa5.html#!kxcid=ITb_4eqO&kxt=http%3A%2F%2Fwww.cnn.com&kxcl=cdn&kxp="
1514412181469	Marionette	DEBUG	Received observer notification "outer-window-destroyed" for "2147483669"
1514412181469	Marionette	DEBUG	Received observer notification "outer-window-destroyed" for "2147483670"
1514412181470	Marionette	DEBUG	Received observer notification "outer-window-destroyed" for "2147483671"
1514412181470	Marionette	DEBUG	Received observer notification "outer-window-destroyed" for "2147483672"
1514412181470	Marionette	DEBUG	Received observer notification "outer-window-destroyed" for "2147483673"
1514412181470	Marionette	DEBUG	Received observer notification "outer-window-destroyed" for "2147483674"
1514412181470	Marionette	DEBUG	Received observer notification "outer-window-destroyed" for "2147483675"
1514412181470	Marionette	DEBUG	Received observer notification "outer-window-destroyed" for "2147483676"
1514412181470	Marionette	DEBUG	Received observer notification "outer-window-destroyed" for "2147483677"
1514412181470	Marionette	DEBUG	Received observer notification "outer-window-destroyed" for "2147483678"
1514412181496	Marionette	DEBUG	Received DOM event "DOMContentLoaded" for "http://www.cnn.com/"
1514412181499	Marionette	DEBUG	Received DOM event "pageshow" for "http://www.cnn.com/"
1514412181502	Marionette	DEBUG	Received DOM event "DOMContentLoaded" for "http://www.cnn.com/"
1514412181503	Marionette	DEBUG	Received DOM event "pageshow" for "http://www.cnn.com/"
1514412181504	Marionette	DEBUG	Received DOM event "DOMContentLoaded" for "http://www.cnn.com/"
1514412181505	Marionette	DEBUG	Received DOM event "pageshow" for "http://www.cnn.com/"
1514412181506	Marionette	DEBUG	Received DOM event "DOMContentLoaded" for "http://www.cnn.com/"
1514412181507	Marionette	DEBUG	Received DOM event "pageshow" for "http://www.cnn.com/"
1514412181507	Marionette	DEBUG	Received DOM event "DOMContentLoaded" for "http://www.cnn.com/"
1514412181508	Marionette	DEBUG	Received DOM event "pageshow" for "http://www.cnn.com/"
1514412181508	Marionette	DEBUG	Received DOM event "DOMContentLoaded" for "http://www.cnn.com/"
1514412181508	Marionette	DEBUG	Received DOM event "pageshow" for "http://www.cnn.com/"
1514412181509	Marionette	DEBUG	Received DOM event "DOMContentLoaded" for "http://www.cnn.com/"
1514412181509	Marionette	DEBUG	Received DOM event "pageshow" for "http://www.cnn.com/"
1514412181509	Marionette	DEBUG	Received DOM event "DOMContentLoaded" for "http://www.cnn.com/"
1514412181510	Marionette	DEBUG	Received DOM event "pageshow" for "http://www.cnn.com/"
1514412181510	Marionette	DEBUG	Received DOM event "DOMContentLoaded" for "http://www.cnn.com/"
1514412181511	Marionette	DEBUG	Received DOM event "pageshow" for "http://www.cnn.com/"
1514412181511	Marionette	DEBUG	Received DOM event "DOMContentLoaded" for "http://www.cnn.com/"
1514412181512	Marionette	DEBUG	Received DOM event "pageshow" for "http://www.cnn.com/"
1514412181524	Marionette	DEBUG	Received DOM event "DOMContentLoaded" for "http://widgets.outbrain.com/nanoWidget/externals/obFrame/obFrame.htm#pid=185&dmpenabled=true&filterDMP=&csenabled=true&d=fktW1nLTWk3QUK3lhz8IWya1uUJ-o2mYBg3M_HPEMUNbAlhsBpLEruYkRMs6dW2c"
1514412181554	Marionette	DEBUG	Received DOM event "pageshow" for "http://www.cnn.com/"
1514412181557	Marionette	DEBUG	Received DOM event "pageshow" for "http://www.cnn.com/"
1514412181618	Marionette	DEBUG	Received DOM event "DOMContentLoaded" for "http://staticxx.facebook.com/connect/xd_arbiter/r/lY4eZXm_YWu.js?version=42#channel=fab73e02dabce&origin=http%3A%2F%2Fwww.cnn.com"
1514412181619	Marionette	DEBUG	Received DOM event "pageshow" for "http://staticxx.facebook.com/connect/xd_arbiter/r/lY4eZXm_YWu.js?version=42#channel=fab73e02dabce&origin=http%3A%2F%2Fwww.cnn.com"
1514412181812	Marionette	DEBUG	Received observer notification "outer-window-destroyed" for "2147483687"
1514412181842	Marionette	DEBUG	Received DOM event "pageshow" for "http://widgets.outbrain.com/nanoWidget/externals/obFrame/obFrame.htm#pid=185&dmpenabled=true&filterDMP=&csenabled=true&d=fktW1nLTWk3QUK3lhz8IWya1uUJ-o2mYBg3M_HPEMUNbAlhsBpLEruYkRMs6dW2c"
1514412181909	Marionette	DEBUG	Received DOM event "DOMContentLoaded" for "http://s.amazon-adsystem.com/iu3?cm3ppd=1&d=dtb-pub&csif=t&dl=ox_an&dcc=t"
1514412181913	Marionette	DEBUG	Received observer notification "outer-window-destroyed" for "2147483725"
1514412181913	Marionette	DEBUG	Received observer notification "outer-window-destroyed" for "2147483726"
1514412181913	Marionette	DEBUG	Received observer notification "outer-window-destroyed" for "2147483727"
1514412181924	Marionette	DEBUG	Received DOM event "DOMContentLoaded" for "https://staticxx.facebook.com/connect/xd_arbiter/r/lY4eZXm_YWu.js?version=42#channel=fab73e02dabce&origin=http%3A%2F%2Fwww.cnn.com"
1514412181933	Marionette	DEBUG	Received DOM event "pageshow" for "https://staticxx.facebook.com/connect/xd_arbiter/r/lY4eZXm_YWu.js?version=42#channel=fab73e02dabce&origin=http%3A%2F%2Fwww.cnn.com"
1514412181938	Marionette	DEBUG	Received DOM event "DOMContentLoaded" for "http://www.cnn.com/"
1514412181939	Marionette	DEBUG	Received DOM event "pageshow" for "http://www.cnn.com/"
1514412181970	Marionette	DEBUG	Received DOM event "DOMContentLoaded" for "http://www.cnn.com/"
1514412181972	Marionette	DEBUG	Received DOM event "pageshow" for "http://www.cnn.com/"
1514412181972	Marionette	DEBUG	Received DOM event "DOMContentLoaded" for "http://www.cnn.com/"
1514412181973	Marionette	DEBUG	Received DOM event "pageshow" for "http://www.cnn.com/"
1514412181973	Marionette	DEBUG	Received DOM event "DOMContentLoaded" for "http://www.cnn.com/"
1514412181974	Marionette	DEBUG	Received DOM event "pageshow" for "http://www.cnn.com/"
1514412181998	Marionette	DEBUG	Received DOM event "DOMContentLoaded" for "http://tpc.googlesyndication.com/sodar/Ix4UrfoN.html"
1514412182000	Marionette	DEBUG	Received DOM event "pageshow" for "http://tpc.googlesyndication.com/sodar/Ix4UrfoN.html"
1514412182001	Marionette	DEBUG	Received DOM event "DOMContentLoaded" for "http://tpc.googlesyndication.com/sodar/Ix4UrfoN.html"
1514412182002	Marionette	DEBUG	Received DOM event "pageshow" for "http://tpc.googlesyndication.com/sodar/Ix4UrfoN.html"
1514412182008	Marionette	DEBUG	Received DOM event "DOMContentLoaded" for "http://tpc.googlesyndication.com/sodar/Ix4UrfoN.html"
1514412182009	Marionette	DEBUG	Received DOM event "pageshow" for "http://tpc.googlesyndication.com/sodar/Ix4UrfoN.html"
1514412182009	Marionette	DEBUG	Received DOM event "DOMContentLoaded" for "http://tpc.googlesyndication.com/sodar/Ix4UrfoN.html"
1514412182010	Marionette	DEBUG	Received DOM event "pageshow" for "http://tpc.googlesyndication.com/sodar/Ix4UrfoN.html"
1514412182011	Marionette	DEBUG	Received DOM event "DOMContentLoaded" for "http://tpc.googlesyndication.com/sodar/Ix4UrfoN.html"
1514412182012	Marionette	DEBUG	Received DOM event "pageshow" for "http://tpc.googlesyndication.com/sodar/Ix4UrfoN.html"
1514412182044	Marionette	DEBUG	Received DOM event "DOMContentLoaded" for "http://s.amazon-adsystem.com/v3/pr?exlist=ox_an&fv=1.0&a=cm&cm3ppd=1"
JavaScript error: http://tpc.googlesyndication.com/safeframe/1-0-14/html/container.html, line 12: SecurityError: Permission denied to access property "document" on cross-origin object
1514412182054	Marionette	DEBUG	Received DOM event "DOMContentLoaded" for "http://tpc.googlesyndication.com/safeframe/1-0-14/html/container.html"
1514412182062	Marionette	DEBUG	Received DOM event "pageshow" for "http://tpc.googlesyndication.com/safeframe/1-0-14/html/container.html"
1514412182082	Marionette	DEBUG	Received DOM event "pageshow" for "http://www.cnn.com/"
1514412182104	Marionette	DEBUG	Received DOM event "DOMContentLoaded" for "http://tpc.googlesyndication.com/sodar/Ix4UrfoN.html"
1514412182105	Marionette	DEBUG	Received DOM event "pageshow" for "http://tpc.googlesyndication.com/sodar/Ix4UrfoN.html"
1514412182263	Marionette	DEBUG	Received observer notification "outer-window-destroyed" for "2147483754"
1514412182370	Marionette	DEBUG	Received DOM event "pageshow" for "http://www.cnn.com/"
1514412182433	Marionette	DEBUG	Received DOM event "pageshow" for "http://www.cnn.com/"
1514412182567	Marionette	DEBUG	Received DOM event "pageshow" for "http://www.cnn.com/"
1514412182617	Marionette	DEBUG	Received DOM event "pageshow" for "http://www.cnn.com/"
1514412182662	Marionette	DEBUG	Received DOM event "pageshow" for "http://www.cnn.com/"
1514412182689	Marionette	DEBUG	Received observer notification "outer-window-destroyed" for "2147483767"
1514412182718	Marionette	DEBUG	Received DOM event "pageshow" for "http://www.cnn.com/"
1514412182750	Marionette	DEBUG	Received observer notification "outer-window-destroyed" for "2147483769"
1514412182774	Marionette	DEBUG	Received DOM event "pageshow" for "http://www.cnn.com/"
1514412182829	Marionette	DEBUG	Received DOM event "pageshow" for "http://www.cnn.com/"
1514412182857	Marionette	DEBUG	Received DOM event "DOMContentLoaded" for "http://www.cnn.com/"
1514412182862	Marionette	DEBUG	Received observer notification "outer-window-destroyed" for "2147483771"
1514412182863	Marionette	DEBUG	Received DOM event "DOMContentLoaded" for "http://www.cnn.com/"
1514412183009	Marionette	DEBUG	Received observer notification "outer-window-destroyed" for "2147483773"
1514412183027	Marionette	DEBUG	Received observer notification "outer-window-destroyed" for "2147483775"
1514412183047	Marionette	DEBUG	Received observer notification "outer-window-destroyed" for "2147483777"
1514412183052	Marionette	DEBUG	Received observer notification "outer-window-destroyed" for "2147483779"
1514412183062	Marionette	DEBUG	Received observer notification "outer-window-destroyed" for "2147483781"
1514412183063	Marionette	DEBUG	Received DOM event "DOMContentLoaded" for "http://www.cnn.com/"
1514412183065	Marionette	DEBUG	Received DOM event "pageshow" for "http://www.cnn.com/"
1514412183069	Marionette	DEBUG	Received DOM event "pageshow" for "http://s.amazon-adsystem.com/ecm3?id=3319813951562652382&ex=appnexus.com"
1514412183070	Marionette	DEBUG	Received DOM event "DOMContentLoaded" for "http://www.cnn.com/"
1514412183073	Marionette	DEBUG	Received DOM event "pageshow" for "http://www.cnn.com/"
1514412183082	Marionette	DEBUG	Received DOM event "DOMContentLoaded" for "http://us-u.openx.net/w/1.0/cm?cc=1&id=e818ca1e-0c23-caa8-0dd3-096b0ada08b7&ph=2d1251ae-7f3a-47cf-bd2a-2f288854a0ba&plm=5&r=http%3A%2F%2Fs.amazon-adsystem.com%2Fecm3%3Fex%3Dopenx.com%26id%3D"
1514412183084	Marionette	DEBUG	Received DOM event "DOMContentLoaded" for "http://www.cnn.com/"
1514412183086	Marionette	DEBUG	Received DOM event "pageshow" for "http://www.cnn.com/"
1514412183104	Marionette	DEBUG	Received DOM event "DOMContentLoaded" for "http://www.cnn.com/"
1514412183125	Marionette	DEBUG	Received DOM event "DOMContentLoaded" for "http://www.cnn.com/"
1514412183128	Marionette	DEBUG	Received DOM event "DOMContentLoaded" for "http://www.cnn.com/"
1514412183178	Marionette	DEBUG	Received DOM event "DOMContentLoaded" for "https://s0.2mdn.net/3876774/1510243410115/index.html"
1514412183180	Marionette	DEBUG	Received DOM event "pageshow" for "https://s0.2mdn.net/3876774/1510243410115/index.html"
1514412183201	Marionette	DEBUG	Received DOM event "DOMContentLoaded" for "https://s0.2mdn.net/3876774/1511373083901/index.html"
1514412183203	Marionette	DEBUG	Received DOM event "pageshow" for "https://s0.2mdn.net/3876774/1511373083901/index.html"
1514412183208	Marionette	DEBUG	Received DOM event "pageshow" for "http://www.cnn.com/"
1514412183224	Marionette	DEBUG	Received DOM event "DOMContentLoaded" for "https://s0.2mdn.net/3876774/1510242865383/index.html"
1514412183226	Marionette	DEBUG	Received DOM event "pageshow" for "https://s0.2mdn.net/3876774/1510242865383/index.html"
1514412183232	Marionette	DEBUG	Received DOM event "DOMContentLoaded" for "https://s0.2mdn.net/3876774/1511372832426/index.html"
1514412183233	Marionette	DEBUG	Received DOM event "pageshow" for "https://s0.2mdn.net/3876774/1511372832426/index.html"
1514412183239	Marionette	DEBUG	Received DOM event "DOMContentLoaded" for "https://s0.2mdn.net/3876774/1511372832426/index.html"
1514412183240	Marionette	DEBUG	Received DOM event "pageshow" for "https://s0.2mdn.net/3876774/1511372832426/index.html"
1514412183244	Marionette	DEBUG	Received DOM event "pageshow" for "http://www.cnn.com/"
1514412183250	Marionette	DEBUG	Received DOM event "pageshow" for "http://www.cnn.com/"
1514412183255	Marionette	DEBUG	Received DOM event "pageshow" for "http://www.cnn.com/"
1514412183260	Marionette	DEBUG	Received DOM event "pageshow" for "http://www.cnn.com/"
1514412183268	Marionette	DEBUG	Received observer notification "outer-window-destroyed" for "2147483688"
1514412183327	Marionette	DEBUG	Received DOM event "pageshow" for "http://www.cnn.com/"
1514412183365	Marionette	DEBUG	Received observer notification "outer-window-destroyed" for "2147483783"
1514412183380	Marionette	DEBUG	Received DOM event "DOMContentLoaded" for "http://www.cnn.com/"
1514412183382	Marionette	DEBUG	Received DOM event "pageshow" for "http://us-u.openx.net/w/1.0/cm?cc=1&id=e818ca1e-0c23-caa8-0dd3-096b0ada08b7&ph=2d1251ae-7f3a-47cf-bd2a-2f288854a0ba&plm=5&r=http%3A%2F%2Fs.amazon-adsystem.com%2Fecm3%3Fex%3Dopenx.com%26id%3D"
1514412183383	Marionette	DEBUG	Received DOM event "pageshow" for "http://s.amazon-adsystem.com/v3/pr?exlist=ox_an&fv=1.0&a=cm&cm3ppd=1"
1514412183383	Marionette	DEBUG	Received DOM event "pageshow" for "http://s.amazon-adsystem.com/iu3?cm3ppd=1&d=dtb-pub&csif=t&dl=ox_an&dcc=t"
1514412183726	Marionette	DEBUG	Received DOM event "DOMContentLoaded" for "http://www.cnn.com/"
1514412183727	Marionette	DEBUG	Received DOM event "pageshow" for "http://www.cnn.com/"
1514412183751	Marionette	DEBUG	Received DOM event "pageshow" for "http://www.cnn.com/"
1514412183928	Marionette	DEBUG	Received DOM event "DOMContentLoaded" for "http://www.cnn.com/"
1514412183929	Marionette	DEBUG	Received DOM event "pageshow" for "http://www.cnn.com/"
1514412184161	Marionette	DEBUG	Received DOM event "pageshow" for "http://www.cnn.com/"
GVA info: Successfully connected to the Intel plugin, offline Gen9 
/BuildRoot/Library/Caches/com.apple.xbs/Sources/AppleGVA/AppleGVA-11.3.7/Sources/Slices/Driver/AVD_loader.cpp: failed to get a service for display 6 
1514412184210	Marionette	DEBUG	Received DOM event "pageshow" for "http://www.cnn.com/"
1514412184251	Marionette	DEBUG	Received observer notification "outer-window-destroyed" for "2147483788"
1514412184253	Marionette	DEBUG	Received observer notification "outer-window-destroyed" for "2147483790"
1514412184307	Marionette	DEBUG	Received observer notification "outer-window-destroyed" for "2147483785"
1514412188005	Marionette	DEBUG	Received DOM event "pageshow" for "http://www.cnn.com/"
1514412188035	Marionette	DEBUG	Received DOM event "pageshow" for "http://www.cnn.com/"
1514412318334	Marionette	DEBUG	Canceled page load listener because no navigation has been detected
JavaScript error: https://ads.jetpackdigital.com/lineitems/38566/jpdunit.js?u=https://adclick.g.doubleclick.net/pcs/click%253Fxai%253DAKAOjsvS2OP9RpVELvK0HkyRLlPly4no1lA_J15UtEfN3yztAiDxCFwKAPR948GuroxGJDXUODPCtyj0QjNlXBlU34GSqMFsPLPyNtOEb24GzhIs_LTuNNXIzMOgqz0bsSAjnBn8KvrYPzqtdUakmRj2hNlhYl0qQFzEEdWctoJb3AM2M1xYHqGRQa7PYHqmhQERgOl8WXctj7q4hh-J_V6JRag3IEklp7AOVUasdlPBkWG3EPgLv7NNISNQV-r0O8subTQN7aU%2526sig%253DCg0ArKJSzItisdr4uwgaEAE%2526urlfix%253D1%2526adurl%253Dhttps://ad.doubleclick.net/ddm/trackclk/N8334.8535.CNNNETWORK/B20450050.211305896;dc_trk_aid=408888723;dc_trk_cid=95157648;dc_lat=;dc_rdid=;tag_for_child_directed_treatment=, line 726: SecurityError: Permission denied to access property "document" on cross-origin object
1514412582868	geckodriver	INFO	geckodriver 0.19.1
1514412582871	geckodriver	INFO	Listening on 127.0.0.1:55031
1514412583909	mozrunner::runner	INFO	Running command: "/Applications/Firefox.app/Contents/MacOS/firefox-bin" "-marionette" "-profile" "/var/folders/qs/7t1yhnj92fvd3wncdmwg0wq80000gn/T/rust_mozprofile.9AeEIcIE7yR8"
1514412584069	addons.xpi	WARN	Error parsing extensions state: [Exception... "Component returned failure code: 0x80520012 (NS_ERROR_FILE_NOT_FOUND) [amIAddonManagerStartup.readStartupData]"  nsresult: "0x80520012 (NS_ERROR_FILE_NOT_FOUND)"  location: "JS frame :: resource://gre/modules/addons/XPIProvider.jsm :: loadExtensionState :: line 1596"  data: no] Stack trace: loadExtensionState()@resource://gre/modules/addons/XPIProvider.jsm:1596 < getInstallState()@resource://gre/modules/addons/XPIProvider.jsm:1631 < checkForChanges()@resource://gre/modules/addons/XPIProvider.jsm:3152 < startup()@resource://gre/modules/addons/XPIProvider.jsm:2246 < callProvider()@resource://gre/modules/AddonManager.jsm:271 < _startProvider()@resource://gre/modules/AddonManager.jsm:741 < startup()@resource://gre/modules/AddonManager.jsm:908 < startup()@resource://gre/modules/AddonManager.jsm:3122 < observe()@jar:file:///Applications/Firefox.app/Contents/Resources/omni.ja!/components/addonManager.js:65
1514412584781	Marionette	INFO	Enabled via --marionette
2017-12-27 16:09:45.683 plugin-container[34889:5728157] *** CFMessagePort: bootstrap_register(): failed 1100 (0x44c) 'Permission denied', port = 0x15417, name = 'com.apple.tsm.portname'
See /usr/include/servers/bootstrap_defs.h for the error codes.
1514412585815	Marionette	INFO	Listening on port 55037
JavaScript error: chrome://marionette/content/server.js, line 337: NS_ERROR_SOCKET_ADDRESS_IN_USE: Component returned failure code: 0x804b0036 (NS_ERROR_SOCKET_ADDRESS_IN_USE) [nsIServerSocket.initSpecialConnection]
1514412585898	Marionette	WARN	TLS certificate errors will be ignored for this session
1514412585921	Marionette	DEBUG	loaded listener.js
1514412585939	Marionette	DEBUG	Received DOM event "beforeunload" for "about:blank"
1514412585965	Marionette	DEBUG	Received DOM event "pagehide" for "about:blank"
1514412585966	Marionette	DEBUG	Received DOM event "unload" for "about:blank"
1514412586616	Marionette	DEBUG	Received DOM event "DOMContentLoaded" for "http://www.cnn.com/"
1514412586629	Marionette	DEBUG	Received DOM event "pageshow" for "http://www.cnn.com/"
1514412586766	Marionette	DEBUG	Received DOM event "DOMContentLoaded" for "http://www.cnn.com/"
1514412586768	Marionette	DEBUG	Received DOM event "pageshow" for "http://www.cnn.com/"
1514412588031	Marionette	DEBUG	Received DOM event "DOMContentLoaded" for "http://www.cnn.com/"
1514412588033	Marionette	DEBUG	Received DOM event "pageshow" for "http://www.cnn.com/"
1514412588064	Marionette	DEBUG	Received DOM event "DOMContentLoaded" for "https://a125375509.cdn.optimizely.com/client_storage/a125375509.html"
1514412588071	Marionette	DEBUG	Received DOM event "pageshow" for "https://a125375509.cdn.optimizely.com/client_storage/a125375509.html"
1514412588129	Marionette	DEBUG	Received DOM event "DOMContentLoaded" for "https://assets.bounceexchange.com/assets/bounce/local_storage_frame7.min.html#340"
1514412588130	Marionette	DEBUG	Received DOM event "pageshow" for "https://assets.bounceexchange.com/assets/bounce/local_storage_frame7.min.html#340"
1514412588148	Marionette	DEBUG	Received DOM event "DOMContentLoaded" for "http://cdn.krxd.net/partnerjs/xdi/proxy.3d2100fd7107262ecb55ce6847f01fa5.html#!kxcid=ITb_4eqO&kxt=http%3A%2F%2Fwww.cnn.com&kxcl=cdn&kxp="
1514412588150	Marionette	DEBUG	Received DOM event "DOMContentLoaded" for "https://cdns.us1.gigya.com/gs/webSdk/Api.aspx?apiKey=3_gtUbleJNtrRITgx-1mM_ci7GcIrH8xL9W_VfAbzSa4zpFrRwnpq_eYd8QTRkr7VC#origin=http://www.cnn.com/&hasGmid=false"
1514412588150	Marionette	DEBUG	Received DOM event "pageshow" for "https://cdns.us1.gigya.com/gs/webSdk/Api.aspx?apiKey=3_gtUbleJNtrRITgx-1mM_ci7GcIrH8xL9W_VfAbzSa4zpFrRwnpq_eYd8QTRkr7VC#origin=http://www.cnn.com/&hasGmid=false"
1514412588155	Marionette	DEBUG	Received observer notification "outer-window-destroyed" for "2147483660"
1514412588222	Marionette	DEBUG	Received DOM event "pageshow" for "http://cdn.krxd.net/partnerjs/xdi/proxy.3d2100fd7107262ecb55ce6847f01fa5.html#!kxcid=ITb_4eqO&kxt=http%3A%2F%2Fwww.cnn.com&kxcl=cdn&kxp="
1514412588640	Marionette	DEBUG	Received observer notification "outer-window-destroyed" for "2147483668"
1514412588641	Marionette	DEBUG	Received observer notification "outer-window-destroyed" for "2147483669"
1514412588641	Marionette	DEBUG	Received observer notification "outer-window-destroyed" for "2147483670"
1514412588641	Marionette	DEBUG	Received observer notification "outer-window-destroyed" for "2147483671"
1514412588641	Marionette	DEBUG	Received observer notification "outer-window-destroyed" for "2147483672"
1514412588641	Marionette	DEBUG	Received observer notification "outer-window-destroyed" for "2147483673"
1514412588641	Marionette	DEBUG	Received observer notification "outer-window-destroyed" for "2147483674"
1514412588641	Marionette	DEBUG	Received observer notification "outer-window-destroyed" for "2147483675"
1514412588641	Marionette	DEBUG	Received observer notification "outer-window-destroyed" for "2147483676"
1514412588641	Marionette	DEBUG	Received observer notification "outer-window-destroyed" for "2147483677"
1514412588708	Marionette	DEBUG	Received DOM event "pageshow" for "http://www.cnn.com/"
1514412588712	Marionette	DEBUG	Received DOM event "pageshow" for "http://www.cnn.com/"
1514412588721	Marionette	DEBUG	Received DOM event "DOMContentLoaded" for "http://www.cnn.com/"
1514412588723	Marionette	DEBUG	Received DOM event "pageshow" for "http://www.cnn.com/"
1514412588723	Marionette	DEBUG	Received DOM event "DOMContentLoaded" for "http://www.cnn.com/"
1514412588724	Marionette	DEBUG	Received DOM event "pageshow" for "http://www.cnn.com/"
1514412588725	Marionette	DEBUG	Received DOM event "DOMContentLoaded" for "http://www.cnn.com/"
1514412588726	Marionette	DEBUG	Received DOM event "pageshow" for "http://www.cnn.com/"
1514412588726	Marionette	DEBUG	Received DOM event "DOMContentLoaded" for "http://www.cnn.com/"
1514412588727	Marionette	DEBUG	Received DOM event "pageshow" for "http://www.cnn.com/"
1514412588731	Marionette	DEBUG	Received DOM event "DOMContentLoaded" for "http://www.cnn.com/"
1514412588732	Marionette	DEBUG	Received DOM event "pageshow" for "http://www.cnn.com/"
1514412588732	Marionette	DEBUG	Received DOM event "DOMContentLoaded" for "http://www.cnn.com/"
1514412588734	Marionette	DEBUG	Received DOM event "pageshow" for "http://www.cnn.com/"
1514412588734	Marionette	DEBUG	Received DOM event "DOMContentLoaded" for "http://www.cnn.com/"
1514412588735	Marionette	DEBUG	Received DOM event "pageshow" for "http://www.cnn.com/"
1514412588735	Marionette	DEBUG	Received DOM event "DOMContentLoaded" for "http://www.cnn.com/"
1514412588736	Marionette	DEBUG	Received DOM event "pageshow" for "http://www.cnn.com/"
1514412588737	Marionette	DEBUG	Received DOM event "DOMContentLoaded" for "http://www.cnn.com/"
1514412588738	Marionette	DEBUG	Received DOM event "pageshow" for "http://www.cnn.com/"
1514412588739	Marionette	DEBUG	Received DOM event "DOMContentLoaded" for "http://www.cnn.com/"
1514412588740	Marionette	DEBUG	Received DOM event "pageshow" for "http://www.cnn.com/"
1514412588747	Marionette	DEBUG	Received DOM event "DOMContentLoaded" for "http://widgets.outbrain.com/nanoWidget/externals/obFrame/obFrame.htm#pid=185&dmpenabled=true&filterDMP=&csenabled=true&d=YQtWruwWpLp9UUINZZZiU-EJExj450Tsl8ZLWjfUpCB3YkkgyFzncDG1NdMFGLBG"
1514412588832	Marionette	DEBUG	Received DOM event "DOMContentLoaded" for "http://s.amazon-adsystem.com/iu3?cm3ppd=1&d=dtb-pub&csif=t&dl=ox_an&dcc=t"
1514412588832	Marionette	DEBUG	Received DOM event "DOMContentLoaded" for "http://staticxx.facebook.com/connect/xd_arbiter/r/lY4eZXm_YWu.js?version=42#channel=f20fedac13b0198&origin=http%3A%2F%2Fwww.cnn.com"
1514412588834	Marionette	DEBUG	Received DOM event "pageshow" for "http://staticxx.facebook.com/connect/xd_arbiter/r/lY4eZXm_YWu.js?version=42#channel=f20fedac13b0198&origin=http%3A%2F%2Fwww.cnn.com"
1514412588835	Marionette	DEBUG	Received DOM event "DOMContentLoaded" for "https://staticxx.facebook.com/connect/xd_arbiter/r/lY4eZXm_YWu.js?version=42#channel=f20fedac13b0198&origin=http%3A%2F%2Fwww.cnn.com"
1514412588836	Marionette	DEBUG	Received DOM event "pageshow" for "https://staticxx.facebook.com/connect/xd_arbiter/r/lY4eZXm_YWu.js?version=42#channel=f20fedac13b0198&origin=http%3A%2F%2Fwww.cnn.com"
1514412588875	Marionette	DEBUG	Received observer notification "outer-window-destroyed" for "2147483708"
1514412588997	Marionette	DEBUG	Received observer notification "outer-window-destroyed" for "2147483686"
1514412589004	Marionette	DEBUG	Received DOM event "DOMContentLoaded" for "http://www.cnn.com/"
1514412589007	Marionette	DEBUG	Received DOM event "pageshow" for "http://www.cnn.com/"
1514412589010	Marionette	DEBUG	Received DOM event "DOMContentLoaded" for "http://s.amazon-adsystem.com/v3/pr?exlist=ox_an&fv=1.0&a=cm&cm3ppd=1"
1514412589080	Marionette	DEBUG	Received observer notification "outer-window-destroyed" for "2147483723"
1514412589114	Marionette	DEBUG	Received DOM event "DOMContentLoaded" for "http://www.cnn.com/"
1514412589118	Marionette	DEBUG	Received DOM event "pageshow" for "http://www.cnn.com/"
1514412589119	Marionette	DEBUG	Received DOM event "DOMContentLoaded" for "http://www.cnn.com/"
1514412589120	Marionette	DEBUG	Received DOM event "pageshow" for "http://www.cnn.com/"
1514412589130	Marionette	DEBUG	Received DOM event "DOMContentLoaded" for "http://tpc.googlesyndication.com/sodar/Ix4UrfoN.html"
1514412589132	Marionette	DEBUG	Received DOM event "pageshow" for "http://tpc.googlesyndication.com/sodar/Ix4UrfoN.html"
1514412589132	Marionette	DEBUG	Received DOM event "DOMContentLoaded" for "http://tpc.googlesyndication.com/sodar/Ix4UrfoN.html"
1514412589133	Marionette	DEBUG	Received DOM event "pageshow" for "http://tpc.googlesyndication.com/sodar/Ix4UrfoN.html"
1514412589133	Marionette	DEBUG	Received DOM event "DOMContentLoaded" for "http://tpc.googlesyndication.com/sodar/Ix4UrfoN.html"
1514412589134	Marionette	DEBUG	Received DOM event "pageshow" for "http://tpc.googlesyndication.com/sodar/Ix4UrfoN.html"
1514412589135	Marionette	DEBUG	Received DOM event "DOMContentLoaded" for "http://tpc.googlesyndication.com/sodar/Ix4UrfoN.html"
1514412589136	Marionette	DEBUG	Received DOM event "pageshow" for "http://tpc.googlesyndication.com/sodar/Ix4UrfoN.html"
1514412589136	Marionette	DEBUG	Received DOM event "DOMContentLoaded" for "http://tpc.googlesyndication.com/sodar/Ix4UrfoN.html"
1514412589137	Marionette	DEBUG	Received DOM event "pageshow" for "http://tpc.googlesyndication.com/sodar/Ix4UrfoN.html"
1514412589156	Marionette	DEBUG	Received observer notification "outer-window-destroyed" for "2147483740"
1514412589158	Marionette	DEBUG	Received DOM event "DOMContentLoaded" for "http://www.cnn.com/"
1514412589159	Marionette	DEBUG	Received DOM event "pageshow" for "http://www.cnn.com/"
1514412589193	Marionette	DEBUG	Received DOM event "pageshow" for "http://widgets.outbrain.com/nanoWidget/externals/obFrame/obFrame.htm#pid=185&dmpenabled=true&filterDMP=&csenabled=true&d=YQtWruwWpLp9UUINZZZiU-EJExj450Tsl8ZLWjfUpCB3YkkgyFzncDG1NdMFGLBG"
1514412589237	Marionette	DEBUG	Received DOM event "DOMContentLoaded" for "http://us-u.openx.net/w/1.0/cm?cc=1&id=e818ca1e-0c23-caa8-0dd3-096b0ada08b7&ph=2d1251ae-7f3a-47cf-bd2a-2f288854a0ba&plm=5&r=http%3A%2F%2Fs.amazon-adsystem.com%2Fecm3%3Fex%3Dopenx.com%26id%3D"
1514412589252	Marionette	DEBUG	Received DOM event "DOMContentLoaded" for "http://tpc.googlesyndication.com/sodar/Ix4UrfoN.html"
1514412589253	Marionette	DEBUG	Received DOM event "pageshow" for "http://tpc.googlesyndication.com/sodar/Ix4UrfoN.html"
1514412589285	Marionette	DEBUG	Received DOM event "pageshow" for "http://www.cnn.com/"
1514412589312	Marionette	DEBUG	Received observer notification "outer-window-destroyed" for "2147483747"
1514412589635	Marionette	DEBUG	Received DOM event "pageshow" for "http://www.cnn.com/"
1514412589693	Marionette	DEBUG	Received DOM event "pageshow" for "http://www.cnn.com/"
1514412589854	Marionette	DEBUG	Received DOM event "pageshow" for "http://www.cnn.com/"
1514412589976	Marionette	DEBUG	Received observer notification "outer-window-destroyed" for "2147483749"
1514412589978	Marionette	DEBUG	Received DOM event "DOMContentLoaded" for "http://www.cnn.com/"
JavaScript error: http://tpc.googlesyndication.com/safeframe/1-0-14/html/container.html, line 12: SecurityError: Permission denied to access property "document" on cross-origin object
1514412589991	Marionette	DEBUG	Received observer notification "outer-window-destroyed" for "2147483751"
1514412590007	Marionette	DEBUG	Received observer notification "outer-window-destroyed" for "2147483761"
1514412590036	Marionette	DEBUG	Received DOM event "pageshow" for "http://www.cnn.com/"
1514412590084	Marionette	DEBUG	Received DOM event "pageshow" for "http://www.cnn.com/"
1514412590144	Marionette	DEBUG	Received DOM event "pageshow" for "http://www.cnn.com/"
1514412590176	Marionette	DEBUG	Received DOM event "DOMContentLoaded" for "http://tpc.googlesyndication.com/safeframe/1-0-14/html/container.html"
1514412590201	Marionette	DEBUG	Received DOM event "pageshow" for "http://www.cnn.com/"
1514412590242	Marionette	DEBUG	Received DOM event "DOMContentLoaded" for "http://www.cnn.com/"
1514412590243	Marionette	DEBUG	Received DOM event "DOMContentLoaded" for "http://www.cnn.com/"
1514412590269	Marionette	DEBUG	Received DOM event "pageshow" for "http://www.cnn.com/"
1514412590316	Marionette	DEBUG	Received observer notification "outer-window-destroyed" for "2147483765"
1514412590324	Marionette	DEBUG	Received observer notification "outer-window-destroyed" for "2147483767"
1514412590325	Marionette	DEBUG	Received DOM event "pageshow" for "http://s.amazon-adsystem.com/ecm3?id=2563173846232004500&ex=appnexus.com"
1514412590333	Marionette	DEBUG	Received observer notification "outer-window-destroyed" for "2147483769"
1514412590347	Marionette	DEBUG	Received observer notification "outer-window-destroyed" for "2147483771"
1514412590365	Marionette	DEBUG	Received observer notification "outer-window-destroyed" for "2147483778"
1514412590371	Marionette	DEBUG	Received DOM event "DOMContentLoaded" for "http://www.cnn.com/"
1514412590372	Marionette	DEBUG	Received DOM event "DOMContentLoaded" for "http://www.cnn.com/"
1514412590382	Marionette	DEBUG	Received DOM event "DOMContentLoaded" for "http://www.cnn.com/"
1514412590384	Marionette	DEBUG	Received DOM event "DOMContentLoaded" for "http://www.cnn.com/"
1514412590387	Marionette	DEBUG	Received DOM event "DOMContentLoaded" for "http://www.cnn.com/"
1514412590400	Marionette	DEBUG	Received DOM event "pageshow" for "http://www.cnn.com/"
1514412590403	Marionette	DEBUG	Received DOM event "pageshow" for "http://tpc.googlesyndication.com/safeframe/1-0-14/html/container.html"
1514412590407	Marionette	DEBUG	Received DOM event "pageshow" for "http://www.cnn.com/"
1514412590775	Marionette	DEBUG	Received DOM event "DOMContentLoaded" for "https://s0.2mdn.net/3876774/1510242865383/index.html"
1514412590778	Marionette	DEBUG	Received DOM event "pageshow" for "https://s0.2mdn.net/3876774/1510242865383/index.html"
1514412590786	Marionette	DEBUG	Received DOM event "pageshow" for "http://www.cnn.com/"
1514412590793	Marionette	DEBUG	Received DOM event "DOMContentLoaded" for "https://s0.2mdn.net/3876774/1511372832426/index.html"
1514412590795	Marionette	DEBUG	Received DOM event "pageshow" for "https://s0.2mdn.net/3876774/1511372832426/index.html"
1514412590800	Marionette	DEBUG	Received DOM event "pageshow" for "http://www.cnn.com/"
1514412590822	Marionette	DEBUG	Received DOM event "DOMContentLoaded" for "https://s0.2mdn.net/3876774/1511373083901/index.html"
1514412590823	Marionette	DEBUG	Received DOM event "pageshow" for "https://s0.2mdn.net/3876774/1511373083901/index.html"
1514412590828	Marionette	DEBUG	Received DOM event "pageshow" for "http://www.cnn.com/"
1514412590844	Marionette	DEBUG	Received DOM event "DOMContentLoaded" for "https://s0.2mdn.net/3876774/1510242865383/index.html"
1514412590846	Marionette	DEBUG	Received DOM event "pageshow" for "https://s0.2mdn.net/3876774/1510242865383/index.html"
1514412590851	Marionette	DEBUG	Received DOM event "pageshow" for "http://www.cnn.com/"
1514412590862	Marionette	DEBUG	Received DOM event "DOMContentLoaded" for "https://s0.2mdn.net/3876774/1511373083901/index.html"
1514412590863	Marionette	DEBUG	Received DOM event "pageshow" for "https://s0.2mdn.net/3876774/1511373083901/index.html"
1514412590868	Marionette	DEBUG	Received DOM event "pageshow" for "http://www.cnn.com/"
1514412590935	Marionette	DEBUG	Received DOM event "pageshow" for "http://www.cnn.com/"
1514412590936	Marionette	DEBUG	Received DOM event "pageshow" for "http://us-u.openx.net/w/1.0/cm?cc=1&id=e818ca1e-0c23-caa8-0dd3-096b0ada08b7&ph=2d1251ae-7f3a-47cf-bd2a-2f288854a0ba&plm=5&r=http%3A%2F%2Fs.amazon-adsystem.com%2Fecm3%3Fex%3Dopenx.com%26id%3D"
1514412590937	Marionette	DEBUG	Received DOM event "pageshow" for "http://s.amazon-adsystem.com/v3/pr?exlist=ox_an&fv=1.0&a=cm&cm3ppd=1"
1514412590937	Marionette	DEBUG	Received DOM event "pageshow" for "http://s.amazon-adsystem.com/iu3?cm3ppd=1&d=dtb-pub&csif=t&dl=ox_an&dcc=t"
GVA info: Successfully connected to the Intel plugin, offline Gen9 
/BuildRoot/Library/Caches/com.apple.xbs/Sources/AppleGVA/AppleGVA-11.3.7/Sources/Slices/Driver/AVD_loader.cpp: failed to get a service for display 6 
1514412591552	Marionette	DEBUG	Received DOM event "pageshow" for "http://www.cnn.com/"
1514412591586	Marionette	DEBUG	Received DOM event "pageshow" for "http://www.cnn.com/"
1514412601287	Marionette	DEBUG	Canceled page load listener because no navigation has been detected
1514412795051	Marionette	DEBUG	Received DOM event "beforeunload" for "http://www.cnn.com/search/?q=Obama"
1514412795061	Marionette	DEBUG	Received DOM event "pagehide" for "http://www.cnn.com/search/?q=Obama"
1514412795063	Marionette	DEBUG	Received DOM event "unload" for "http://www.cnn.com/search/?q=Obama"
1514412795523	Marionette	DEBUG	Received DOM event "DOMContentLoaded" for "http://www.cnn.com/"
1514412795526	Marionette	DEBUG	Received observer notification "outer-window-destroyed" for "2147483819"
1514412795526	Marionette	DEBUG	Received observer notification "outer-window-destroyed" for "2147483821"
1514412795526	Marionette	DEBUG	Received observer notification "outer-window-destroyed" for "2147483796"
1514412795527	Marionette	DEBUG	Received observer notification "outer-window-destroyed" for "2147483791"
1514412795527	Marionette	DEBUG	Received observer notification "outer-window-destroyed" for "2147483815"
1514412795527	Marionette	DEBUG	Received observer notification "outer-window-destroyed" for "2147483794"
1514412795527	Marionette	DEBUG	Received observer notification "outer-window-destroyed" for "2147483789"
1514412795528	Marionette	DEBUG	Received observer notification "outer-window-destroyed" for "2147483786"
1514412795528	Marionette	DEBUG	Received observer notification "outer-window-destroyed" for "2147483802"
1514412795529	Marionette	DEBUG	Received observer notification "outer-window-destroyed" for "2147483788"
1514412795529	Marionette	DEBUG	Received observer notification "outer-window-destroyed" for "2147483801"
1514412795529	Marionette	DEBUG	Received observer notification "outer-window-destroyed" for "2147483825"
1514412795529	Marionette	DEBUG	Received observer notification "outer-window-destroyed" for "2147483799"
1514412795554	Marionette	DEBUG	Received DOM event "pageshow" for "http://www.cnn.com/"
1514412796159	Marionette	DEBUG	Received DOM event "DOMContentLoaded" for "http://www.cnn.com/"
1514412796161	Marionette	DEBUG	Received DOM event "pageshow" for "http://www.cnn.com/"
1514412796689	Marionette	DEBUG	Received DOM event "DOMContentLoaded" for "http://www.cnn.com/"
1514412796691	Marionette	DEBUG	Received DOM event "pageshow" for "http://www.cnn.com/"
1514412796692	Marionette	DEBUG	Received DOM event "DOMContentLoaded" for "https://a125375509.cdn.optimizely.com/client_storage/a125375509.html"
1514412796696	Marionette	DEBUG	Received DOM event "pageshow" for "https://a125375509.cdn.optimizely.com/client_storage/a125375509.html"
1514412796890	Marionette	DEBUG	Received DOM event "DOMContentLoaded" for "https://assets.bounceexchange.com/assets/bounce/local_storage_frame7.min.html#340"
1514412796891	Marionette	DEBUG	Received DOM event "pageshow" for "https://assets.bounceexchange.com/assets/bounce/local_storage_frame7.min.html#340"
1514412797024	Marionette	DEBUG	Received DOM event "DOMContentLoaded" for "https://cdns.us1.gigya.com/gs/webSdk/Api.aspx?apiKey=3_gtUbleJNtrRITgx-1mM_ci7GcIrH8xL9W_VfAbzSa4zpFrRwnpq_eYd8QTRkr7VC#origin=http://www.cnn.com/&hasGmid=true"
1514412797025	Marionette	DEBUG	Received DOM event "pageshow" for "https://cdns.us1.gigya.com/gs/webSdk/Api.aspx?apiKey=3_gtUbleJNtrRITgx-1mM_ci7GcIrH8xL9W_VfAbzSa4zpFrRwnpq_eYd8QTRkr7VC#origin=http://www.cnn.com/&hasGmid=true"
1514412797026	Marionette	DEBUG	Received DOM event "DOMContentLoaded" for "http://cdn.krxd.net/partnerjs/xdi/proxy.3d2100fd7107262ecb55ce6847f01fa5.html#!kxcid=ITb_4eqO&kxt=http%3A%2F%2Fwww.cnn.com&kxcl=cdn&kxp="
1514412797053	Marionette	DEBUG	Received observer notification "outer-window-destroyed" for "2147483838"
1514412797171	Marionette	DEBUG	Received observer notification "outer-window-destroyed" for "2147483845"
1514412797171	Marionette	DEBUG	Received observer notification "outer-window-destroyed" for "2147483846"
1514412797171	Marionette	DEBUG	Received observer notification "outer-window-destroyed" for "2147483847"
1514412797171	Marionette	DEBUG	Received observer notification "outer-window-destroyed" for "2147483848"
1514412797171	Marionette	DEBUG	Received observer notification "outer-window-destroyed" for "2147483849"
1514412797172	Marionette	DEBUG	Received observer notification "outer-window-destroyed" for "2147483850"
1514412797172	Marionette	DEBUG	Received observer notification "outer-window-destroyed" for "2147483851"
1514412797172	Marionette	DEBUG	Received observer notification "outer-window-destroyed" for "2147483852"
1514412797172	Marionette	DEBUG	Received observer notification "outer-window-destroyed" for "2147483853"
1514412797172	Marionette	DEBUG	Received observer notification "outer-window-destroyed" for "2147483854"
1514412797172	Marionette	DEBUG	Received observer notification "outer-window-destroyed" for "2147483855"
1514412797244	Marionette	DEBUG	Received DOM event "DOMContentLoaded" for "http://widgets.outbrain.com/nanoWidget/externals/obFrame/obFrame.htm#pid=185&dmpenabled=true&filterDMP=&csenabled=true&d=YQtWruwWpLp9UUINZZZiU-EJExj450Tsl8ZLWjfUpCB3YkkgyFzncDG1NdMFGLBG"
1514412797283	Marionette	DEBUG	Received DOM event "pageshow" for "http://cdn.krxd.net/partnerjs/xdi/proxy.3d2100fd7107262ecb55ce6847f01fa5.html#!kxcid=ITb_4eqO&kxt=http%3A%2F%2Fwww.cnn.com&kxcl=cdn&kxp="
1514412797284	Marionette	DEBUG	Received DOM event "DOMContentLoaded" for "http://www.cnn.com/"
1514412797285	Marionette	DEBUG	Received DOM event "pageshow" for "http://www.cnn.com/"
1514412797285	Marionette	DEBUG	Received DOM event "DOMContentLoaded" for "http://www.cnn.com/"
1514412797286	Marionette	DEBUG	Received DOM event "pageshow" for "http://www.cnn.com/"
1514412797286	Marionette	DEBUG	Received DOM event "DOMContentLoaded" for "http://www.cnn.com/"
1514412797287	Marionette	DEBUG	Received DOM event "pageshow" for "http://www.cnn.com/"
1514412797287	Marionette	DEBUG	Received DOM event "DOMContentLoaded" for "http://www.cnn.com/"
1514412797288	Marionette	DEBUG	Received DOM event "pageshow" for "http://www.cnn.com/"
1514412797289	Marionette	DEBUG	Received DOM event "DOMContentLoaded" for "http://www.cnn.com/"
1514412797290	Marionette	DEBUG	Received DOM event "pageshow" for "http://www.cnn.com/"
1514412797290	Marionette	DEBUG	Received DOM event "DOMContentLoaded" for "http://www.cnn.com/"
1514412797290	Marionette	DEBUG	Received DOM event "pageshow" for "http://www.cnn.com/"
1514412797290	Marionette	DEBUG	Received DOM event "DOMContentLoaded" for "http://www.cnn.com/"
1514412797291	Marionette	DEBUG	Received DOM event "pageshow" for "http://www.cnn.com/"
1514412797291	Marionette	DEBUG	Received DOM event "DOMContentLoaded" for "http://www.cnn.com/"
1514412797292	Marionette	DEBUG	Received DOM event "pageshow" for "http://www.cnn.com/"
1514412797292	Marionette	DEBUG	Received DOM event "DOMContentLoaded" for "http://www.cnn.com/"
1514412797293	Marionette	DEBUG	Received DOM event "pageshow" for "http://www.cnn.com/"
1514412797293	Marionette	DEBUG	Received DOM event "DOMContentLoaded" for "http://www.cnn.com/"
1514412797293	Marionette	DEBUG	Received DOM event "pageshow" for "http://www.cnn.com/"
1514412797294	Marionette	DEBUG	Received DOM event "DOMContentLoaded" for "http://www.cnn.com/"
1514412797294	Marionette	DEBUG	Received DOM event "pageshow" for "http://www.cnn.com/"
1514412797322	Marionette	DEBUG	Received DOM event "pageshow" for "http://www.cnn.com/"
1514412797325	Marionette	DEBUG	Received DOM event "pageshow" for "http://www.cnn.com/"
1514412797376	Marionette	DEBUG	Received DOM event "DOMContentLoaded" for "http://staticxx.facebook.com/connect/xd_arbiter/r/lY4eZXm_YWu.js?version=42#channel=f79abca66e1fd2&origin=http%3A%2F%2Fwww.cnn.com"
1514412797377	Marionette	DEBUG	Received DOM event "pageshow" for "http://staticxx.facebook.com/connect/xd_arbiter/r/lY4eZXm_YWu.js?version=42#channel=f79abca66e1fd2&origin=http%3A%2F%2Fwww.cnn.com"
1514412797377	Marionette	DEBUG	Received DOM event "DOMContentLoaded" for "https://staticxx.facebook.com/connect/xd_arbiter/r/lY4eZXm_YWu.js?version=42#channel=f79abca66e1fd2&origin=http%3A%2F%2Fwww.cnn.com"
1514412797377	Marionette	DEBUG	Received DOM event "pageshow" for "https://staticxx.facebook.com/connect/xd_arbiter/r/lY4eZXm_YWu.js?version=42#channel=f79abca66e1fd2&origin=http%3A%2F%2Fwww.cnn.com"
1514412797384	Marionette	DEBUG	Received DOM event "pageshow" for "http://widgets.outbrain.com/nanoWidget/externals/obFrame/obFrame.htm#pid=185&dmpenabled=true&filterDMP=&csenabled=true&d=YQtWruwWpLp9UUINZZZiU-EJExj450Tsl8ZLWjfUpCB3YkkgyFzncDG1NdMFGLBG"
1514412797547	Marionette	DEBUG	Received observer notification "outer-window-destroyed" for "2147483863"
1514412797763	Marionette	DEBUG	Received DOM event "pageshow" for "http://www.cnn.com/"
1514412797814	Marionette	DEBUG	Received DOM event "pageshow" for "http://www.cnn.com/"
1514412797912	Marionette	DEBUG	Received observer notification "outer-window-destroyed" for "2147483915"
1514412797916	Marionette	DEBUG	Received observer notification "outer-window-destroyed" for "2147483917"
1514412797949	Marionette	DEBUG	Received DOM event "pageshow" for "http://www.cnn.com/"
1514412797992	Marionette	DEBUG	Received DOM event "pageshow" for "http://www.cnn.com/"
1514412798046	Marionette	DEBUG	Received DOM event "pageshow" for "http://www.cnn.com/"
1514412798101	Marionette	DEBUG	Received DOM event "pageshow" for "http://www.cnn.com/"
1514412798129	Marionette	DEBUG	Received observer notification "outer-window-destroyed" for "2147483922"
1514412798129	Marionette	DEBUG	Received observer notification "outer-window-destroyed" for "2147483923"
1514412798137	Marionette	DEBUG	Received DOM event "DOMContentLoaded" for "http://www.cnn.com/"
1514412798137	Marionette	DEBUG	Received DOM event "DOMContentLoaded" for "http://www.cnn.com/"
1514412798138	Marionette	DEBUG	Received DOM event "pageshow" for "http://www.cnn.com/"
1514412798139	Marionette	DEBUG	Received DOM event "DOMContentLoaded" for "http://www.cnn.com/"
1514412798160	Marionette	DEBUG	Received observer notification "outer-window-destroyed" for "2147483929"
1514412798169	Marionette	DEBUG	Received observer notification "outer-window-destroyed" for "2147483931"
1514412798176	Marionette	DEBUG	Received observer notification "outer-window-destroyed" for "2147483933"
1514412798181	Marionette	DEBUG	Received observer notification "outer-window-destroyed" for "2147483935"
JavaScript error: http://tpc.googlesyndication.com/safeframe/1-0-14/html/container.html, line 12: SecurityError: Permission denied to access property "document" on cross-origin object
1514412798294	Marionette	DEBUG	Received DOM event "DOMContentLoaded" for "http://www.cnn.com/"
1514412798317	Marionette	DEBUG	Received DOM event "pageshow" for "http://www.cnn.com/"
1514412798318	Marionette	DEBUG	Received DOM event "DOMContentLoaded" for "http://www.cnn.com/"
1514412798321	Marionette	DEBUG	Received DOM event "pageshow" for "http://www.cnn.com/"
1514412798327	Marionette	DEBUG	Received DOM event "DOMContentLoaded" for "http://www.cnn.com/"
1514412798328	Marionette	DEBUG	Received DOM event "DOMContentLoaded" for "http://www.cnn.com/"
1514412798334	Marionette	DEBUG	Received DOM event "DOMContentLoaded" for "http://tpc.googlesyndication.com/safeframe/1-0-14/html/container.html"
1514412798358	Marionette	DEBUG	Received DOM event "DOMContentLoaded" for "https://s0.2mdn.net/3876774/1510243410115/index.html"
1514412798359	Marionette	DEBUG	Received DOM event "pageshow" for "https://s0.2mdn.net/3876774/1510243410115/index.html"
1514412798365	Marionette	DEBUG	Received DOM event "DOMContentLoaded" for "https://s0.2mdn.net/3876774/1510243410115/index.html"
1514412798366	Marionette	DEBUG	Received DOM event "pageshow" for "https://s0.2mdn.net/3876774/1510243410115/index.html"
1514412798368	Marionette	DEBUG	Received DOM event "DOMContentLoaded" for "http://www.cnn.com/"
1514412798370	Marionette	DEBUG	Received DOM event "DOMContentLoaded" for "http://www.cnn.com/"
1514412798371	Marionette	DEBUG	Received DOM event "pageshow" for "http://www.cnn.com/"
1514412798382	Marionette	DEBUG	Received DOM event "DOMContentLoaded" for "https://s0.2mdn.net/3876774/1511372832426/index.html"
1514412798384	Marionette	DEBUG	Received DOM event "pageshow" for "https://s0.2mdn.net/3876774/1511372832426/index.html"
1514412798390	Marionette	DEBUG	Received DOM event "DOMContentLoaded" for "https://s0.2mdn.net/3876774/1511372832426/index.html"
1514412798391	Marionette	DEBUG	Received DOM event "pageshow" for "https://s0.2mdn.net/3876774/1511372832426/index.html"
1514412798391	Marionette	DEBUG	Received DOM event "DOMContentLoaded" for "http://tpc.googlesyndication.com/sodar/Ix4UrfoN.html"
1514412798393	Marionette	DEBUG	Received DOM event "pageshow" for "http://tpc.googlesyndication.com/sodar/Ix4UrfoN.html"
1514412798398	Marionette	DEBUG	Received DOM event "DOMContentLoaded" for "https://s0.2mdn.net/3876774/1511372832426/index.html"
1514412798401	Marionette	DEBUG	Received DOM event "pageshow" for "https://s0.2mdn.net/3876774/1511372832426/index.html"
1514412798406	Marionette	DEBUG	Received DOM event "pageshow" for "http://www.cnn.com/"
1514412798419	Marionette	DEBUG	Received DOM event "DOMContentLoaded" for "http://tpc.googlesyndication.com/sodar/Ix4UrfoN.html"
1514412798420	Marionette	DEBUG	Received DOM event "pageshow" for "http://tpc.googlesyndication.com/sodar/Ix4UrfoN.html"
1514412798425	Marionette	DEBUG	Received DOM event "pageshow" for "http://www.cnn.com/"
1514412798426	Marionette	DEBUG	Received DOM event "DOMContentLoaded" for "http://tpc.googlesyndication.com/sodar/Ix4UrfoN.html"
1514412798427	Marionette	DEBUG	Received DOM event "pageshow" for "http://tpc.googlesyndication.com/sodar/Ix4UrfoN.html"
1514412798431	Marionette	DEBUG	Received DOM event "pageshow" for "http://www.cnn.com/"
1514412798432	Marionette	DEBUG	Received DOM event "DOMContentLoaded" for "http://tpc.googlesyndication.com/sodar/Ix4UrfoN.html"
1514412798433	Marionette	DEBUG	Received DOM event "pageshow" for "http://tpc.googlesyndication.com/sodar/Ix4UrfoN.html"
1514412798436	Marionette	DEBUG	Received DOM event "pageshow" for "http://www.cnn.com/"
1514412798439	Marionette	DEBUG	Received DOM event "DOMContentLoaded" for "http://tpc.googlesyndication.com/sodar/Ix4UrfoN.html"
1514412798440	Marionette	DEBUG	Received DOM event "pageshow" for "http://tpc.googlesyndication.com/sodar/Ix4UrfoN.html"
1514412798444	Marionette	DEBUG	Received DOM event "pageshow" for "http://www.cnn.com/"
1514412798455	Marionette	DEBUG	Received DOM event "pageshow" for "http://tpc.googlesyndication.com/safeframe/1-0-14/html/container.html"
1514412798494	Marionette	DEBUG	Received DOM event "pageshow" for "http://www.cnn.com/"
1514412798522	Marionette	DEBUG	Received observer notification "outer-window-destroyed" for "2147483940"
1514412798559	Marionette	DEBUG	Received DOM event "pageshow" for "http://www.cnn.com/"
1514412798704	Marionette	DEBUG	Received observer notification "outer-window-destroyed" for "2147483943"
1514412798708	Marionette	DEBUG	Received DOM event "DOMContentLoaded" for "http://www.cnn.com/"
1514412798709	Marionette	DEBUG	Received DOM event "DOMContentLoaded" for "http://tpc.googlesyndication.com/sodar/Ix4UrfoN.html"
1514412798710	Marionette	DEBUG	Received DOM event "pageshow" for "http://tpc.googlesyndication.com/sodar/Ix4UrfoN.html"
1514412798711	Marionette	DEBUG	Received DOM event "pageshow" for "http://www.cnn.com/"
1514412798940	Marionette	DEBUG	Received DOM event "pageshow" for "http://www.cnn.com/"
1514412798969	Marionette	DEBUG	Received DOM event "pageshow" for "http://www.cnn.com/"
1514412800323	Marionette	DEBUG	Received DOM event "beforeunload" for "http://www.cnn.com/"
1514412800369	Marionette	DEBUG	Received DOM event "pagehide" for "http://www.cnn.com/"
1514412800376	Marionette	DEBUG	Received DOM event "unload" for "http://www.cnn.com/"
1514412800726	Marionette	DEBUG	Received observer notification "outer-window-destroyed" for "2147483878"
1514412800727	Marionette	DEBUG	Received observer notification "outer-window-destroyed" for "2147483880"
1514412800727	Marionette	DEBUG	Received observer notification "outer-window-destroyed" for "2147483832"
1514412800727	Marionette	DEBUG	Received observer notification "outer-window-destroyed" for "2147483866"
1514412800727	Marionette	DEBUG	Received observer notification "outer-window-destroyed" for "2147483892"
1514412800727	Marionette	DEBUG	Received observer notification "outer-window-destroyed" for "2147483898"
1514412800727	Marionette	DEBUG	Received observer notification "outer-window-destroyed" for "2147483856"
1514412800727	Marionette	DEBUG	Received observer notification "outer-window-destroyed" for "2147483893"
1514412800728	Marionette	DEBUG	Received observer notification "outer-window-destroyed" for "2147483899"
1514412800728	Marionette	DEBUG	Received observer notification "outer-window-destroyed" for "2147483857"
1514412800728	Marionette	DEBUG	Received observer notification "outer-window-destroyed" for "2147483858"
1514412800728	Marionette	DEBUG	Received observer notification "outer-window-destroyed" for "2147483864"
1514412800729	Marionette	DEBUG	Received observer notification "outer-window-destroyed" for "2147483938"
1514412800729	Marionette	DEBUG	Received observer notification "outer-window-destroyed" for "2147483925"
1514412800729	Marionette	DEBUG	Received observer notification "outer-window-destroyed" for "2147483894"
1514412800729	Marionette	DEBUG	Received observer notification "outer-window-destroyed" for "2147483900"
1514412800729	Marionette	DEBUG	Received observer notification "outer-window-destroyed" for "2147483859"
1514412800729	Marionette	DEBUG	Received observer notification "outer-window-destroyed" for "2147483895"
1514412800729	Marionette	DEBUG	Received observer notification "outer-window-destroyed" for "2147483901"
1514412800732	Marionette	DEBUG	Received observer notification "outer-window-destroyed" for "2147483860"
1514412800732	Marionette	DEBUG	Received observer notification "outer-window-destroyed" for "2147483840"
1514412800732	Marionette	DEBUG	Received observer notification "outer-window-destroyed" for "2147483865"
1514412800732	Marionette	DEBUG	Received observer notification "outer-window-destroyed" for "2147483924"
1514412800733	Marionette	DEBUG	Received observer notification "outer-window-destroyed" for "2147483896"
1514412800733	Marionette	DEBUG	Received observer notification "outer-window-destroyed" for "2147483902"
1514412800733	Marionette	DEBUG	Received observer notification "outer-window-destroyed" for "2147483861"
1514412800733	Marionette	DEBUG	Received observer notification "outer-window-destroyed" for "2147483862"
1514412800733	Marionette	DEBUG	Received observer notification "outer-window-destroyed" for "2147483890"
1514412800733	Marionette	DEBUG	Received observer notification "outer-window-destroyed" for "2147483831"
1514412800733	Marionette	DEBUG	Received observer notification "outer-window-destroyed" for "2147483836"
1514412800733	Marionette	DEBUG	Received observer notification "outer-window-destroyed" for "2147483903"
1514412800734	Marionette	DEBUG	Received observer notification "outer-window-destroyed" for "2147483945"
1514412800734	Marionette	DEBUG	Received observer notification "outer-window-destroyed" for "2147483839"
1514412801110	Marionette	DEBUG	Received DOM event "DOMContentLoaded" for "http://www.cnn.com/search/?q=Obama"
1514412801204	Marionette	DEBUG	Received DOM event "pageshow" for "http://www.cnn.com/search/?q=Obama"
1514412801425	Marionette	DEBUG	Received DOM event "DOMContentLoaded" for "http://www.cnn.com/search/?q=Obama"
1514412801427	Marionette	DEBUG	Received DOM event "pageshow" for "http://www.cnn.com/search/?q=Obama"
1514412801500	Marionette	DEBUG	Received DOM event "pageshow" for "http://www.cnn.com/search/?q=Obama"
1514412801501	Marionette	DEBUG	Received DOM event "DOMContentLoaded" for "http://www.cnn.com/search/?q=Obama"
1514412801621	Marionette	DEBUG	Received DOM event "DOMContentLoaded" for "https://www.google.com/afs/ads?q=Obama&r=m&client=cnn&type=0&oe=UTF-8&ie=UTF-8&fexp=21404&format=w3%7Cw5%7Cw3&ad=w11&nocache=181514412800765&num=0&output=uds_ads_only&v=3&adlh=on&preload=true&adext=as1%2Csr1&bsl=8&u_his=2&u_tz=-360&dt=1514412800767&u_w=2560&u_h=1440&biw=1280&bih=963&psw=1280&psh=963&frm=0&uio=uv3cs1vp1sl1sr1-lHaf3st18sd14sv14-lHaf3st18sd14sv14-lHaf3st18sd14sv14&jsv=17769&rurl=http%3A%2F%2Fwww.cnn.com%2Fsearch%2F%3Fq%3DObama&referer=http%3A%2F%2Fwww.cnn.com%2F#master-1"
1514412801623	Marionette	DEBUG	Received DOM event "pageshow" for "https://www.google.com/afs/ads?q=Obama&r=m&client=cnn&type=0&oe=UTF-8&ie=UTF-8&fexp=21404&format=w3%7Cw5%7Cw3&ad=w11&nocache=181514412800765&num=0&output=uds_ads_only&v=3&adlh=on&preload=true&adext=as1%2Csr1&bsl=8&u_his=2&u_tz=-360&dt=1514412800767&u_w=2560&u_h=1440&biw=1280&bih=963&psw=1280&psh=963&frm=0&uio=uv3cs1vp1sl1sr1-lHaf3st18sd14sv14-lHaf3st18sd14sv14-lHaf3st18sd14sv14&jsv=17769&rurl=http%3A%2F%2Fwww.cnn.com%2Fsearch%2F%3Fq%3DObama&referer=http%3A%2F%2Fwww.cnn.com%2F#master-1"
1514412801665	Marionette	DEBUG	Received DOM event "DOMContentLoaded" for "https://a125375509.cdn.optimizely.com/client_storage/a125375509.html"
1514412801668	Marionette	DEBUG	Received DOM event "pageshow" for "https://a125375509.cdn.optimizely.com/client_storage/a125375509.html"
1514412801669	Marionette	DEBUG	Received DOM event "DOMContentLoaded" for "https://www.google.com/afs/ads/i/iframe.html#slave-2-1"
1514412801670	Marionette	DEBUG	Received DOM event "pageshow" for "https://www.google.com/afs/ads/i/iframe.html#slave-2-1"
1514412801670	Marionette	DEBUG	Received DOM event "DOMContentLoaded" for "https://www.google.com/afs/ads/i/iframe.html#slave-1-1"
1514412801670	Marionette	DEBUG	Received DOM event "pageshow" for "https://www.google.com/afs/ads/i/iframe.html#slave-1-1"
1514412801673	Marionette	DEBUG	Received DOM event "DOMContentLoaded" for "https://assets.bounceexchange.com/assets/bounce/local_storage_frame7.min.html#340"
1514412801674	Marionette	DEBUG	Received DOM event "pageshow" for "https://assets.bounceexchange.com/assets/bounce/local_storage_frame7.min.html#340"
1514412801674	Marionette	DEBUG	Received DOM event "DOMContentLoaded" for "https://www.google.com/afs/ads/i/iframe.html#slave-0-1"
1514412801676	Marionette	DEBUG	Received DOM event "pageshow" for "https://www.google.com/afs/ads/i/iframe.html#slave-0-1"
1514412801678	Marionette	DEBUG	Received DOM event "pageshow" for "https://www.google.com/afs/ads/i/iframe.html#slave-0-1"
1514412801680	Marionette	DEBUG	Received DOM event "DOMContentLoaded" for "http://cdn.krxd.net/partnerjs/xdi/proxy.3d2100fd7107262ecb55ce6847f01fa5.html#!kxcid=ITb_4eqO&kxt=http%3A%2F%2Fwww.cnn.com&kxcl=cdn&kxp="
1514412801688	Marionette	DEBUG	Received DOM event "DOMContentLoaded" for "https://www.google.com/afs/ads?q=Obama&r=m&client=cnn&type=0&oe=UTF-8&ie=UTF-8&fexp=21404&format=w3%7Cw5%7Cw3&ad=w11&nocache=181514412800765&num=0&output=uds_ads_only&v=3&adlh=on&preload=true&adext=as1%2Csr1&bsl=8&u_his=2&u_tz=-360&dt=1514412800767&u_w=2560&u_h=1440&biw=1280&bih=963&psw=1280&psh=963&frm=0&uio=uv3cs1vp1sl1sr1-lHaf3st18sd14sv14-lHaf3st18sd14sv14-lHaf3st18sd14sv14&jsv=17769&rurl=http%3A%2F%2Fwww.cnn.com%2Fsearch%2F%3Fq%3DObama&referer=http%3A%2F%2Fwww.cnn.com%2F#master-1"
1514412801688	Marionette	DEBUG	Received DOM event "pageshow" for "https://www.google.com/afs/ads?q=Obama&r=m&client=cnn&type=0&oe=UTF-8&ie=UTF-8&fexp=21404&format=w3%7Cw5%7Cw3&ad=w11&nocache=181514412800765&num=0&output=uds_ads_only&v=3&adlh=on&preload=true&adext=as1%2Csr1&bsl=8&u_his=2&u_tz=-360&dt=1514412800767&u_w=2560&u_h=1440&biw=1280&bih=963&psw=1280&psh=963&frm=0&uio=uv3cs1vp1sl1sr1-lHaf3st18sd14sv14-lHaf3st18sd14sv14-lHaf3st18sd14sv14&jsv=17769&rurl=http%3A%2F%2Fwww.cnn.com%2Fsearch%2F%3Fq%3DObama&referer=http%3A%2F%2Fwww.cnn.com%2F#master-1"
1514412801726	Marionette	DEBUG	Received DOM event "DOMContentLoaded" for "https://cdns.us1.gigya.com/gs/webSdk/Api.aspx?apiKey=3_gtUbleJNtrRITgx-1mM_ci7GcIrH8xL9W_VfAbzSa4zpFrRwnpq_eYd8QTRkr7VC#origin=http://www.cnn.com/search/?q=Obama&hasGmid=true"
1514412801726	Marionette	DEBUG	Received DOM event "pageshow" for "https://cdns.us1.gigya.com/gs/webSdk/Api.aspx?apiKey=3_gtUbleJNtrRITgx-1mM_ci7GcIrH8xL9W_VfAbzSa4zpFrRwnpq_eYd8QTRkr7VC#origin=http://www.cnn.com/search/?q=Obama&hasGmid=true"
1514412801727	Marionette	DEBUG	Received DOM event "DOMContentLoaded" for "http://widgets.outbrain.com/nanoWidget/externals/obFrame/obFrame.htm#pid=185&dmpenabled=true&filterDMP=&csenabled=true&d=YQtWruwWpLp9UUINZZZiU-EJExj450Tsl8ZLWjfUpCB3YkkgyFzncDG1NdMFGLBG"
1514412801742	Marionette	DEBUG	Received observer notification "outer-window-destroyed" for "2147483976"
1514412801832	Marionette	DEBUG	Received DOM event "pageshow" for "http://cdn.krxd.net/partnerjs/xdi/proxy.3d2100fd7107262ecb55ce6847f01fa5.html#!kxcid=ITb_4eqO&kxt=http%3A%2F%2Fwww.cnn.com&kxcl=cdn&kxp="
1514412801839	Marionette	DEBUG	Received DOM event "pageshow" for "http://www.cnn.com/search/?q=Obama"
1514412801842	Marionette	DEBUG	Received DOM event "pageshow" for "http://www.cnn.com/search/?q=Obama"
1514412801846	Marionette	DEBUG	Received observer notification "outer-window-destroyed" for "2147483982"
1514412801850	Marionette	DEBUG	Received DOM event "pageshow" for "http://widgets.outbrain.com/nanoWidget/externals/obFrame/obFrame.htm#pid=185&dmpenabled=true&filterDMP=&csenabled=true&d=YQtWruwWpLp9UUINZZZiU-EJExj450Tsl8ZLWjfUpCB3YkkgyFzncDG1NdMFGLBG"
1514412801900	Marionette	DEBUG	Received DOM event "DOMContentLoaded" for "http://staticxx.facebook.com/connect/xd_arbiter/r/lY4eZXm_YWu.js?version=42#channel=f163dd3716ae054&origin=http%3A%2F%2Fwww.cnn.com"
1514412801901	Marionette	DEBUG	Received DOM event "pageshow" for "http://staticxx.facebook.com/connect/xd_arbiter/r/lY4eZXm_YWu.js?version=42#channel=f163dd3716ae054&origin=http%3A%2F%2Fwww.cnn.com"
1514412801901	Marionette	DEBUG	Received DOM event "DOMContentLoaded" for "https://staticxx.facebook.com/connect/xd_arbiter/r/lY4eZXm_YWu.js?version=42#channel=f163dd3716ae054&origin=http%3A%2F%2Fwww.cnn.com"
1514412801902	Marionette	DEBUG	Received DOM event "pageshow" for "https://staticxx.facebook.com/connect/xd_arbiter/r/lY4eZXm_YWu.js?version=42#channel=f163dd3716ae054&origin=http%3A%2F%2Fwww.cnn.com"
1514412801946	Marionette	DEBUG	Received DOM event "pageshow" for "http://www.cnn.com/search/?q=Obama"
1514412801966	Marionette	DEBUG	Received DOM event "pageshow" for "http://www.cnn.com/search/?q=Obama"
