1514411037641	geckodriver	INFO	geckodriver 0.19.1
1514411037646	geckodriver	INFO	Listening on 127.0.0.1:54066
1514411038760	mozrunner::runner	INFO	Running command: "/Applications/Firefox.app/Contents/MacOS/firefox-bin" "-marionette" "-profile" "/var/folders/6p/ppmz77ds18vb56ydqttx_c9w0000gn/T/rust_mozprofile.bbx2aLfMfO6L"
1514411040785	Marionette	INFO	Listening on port 54075
1514411040867	Marionette	WARN	TLS certificate errors will be ignored for this session
1514411041041	Marionette	DEBUG	loaded listener.js
1514411041068	Marionette	DEBUG	Received DOM event "beforeunload" for "about:blank"
2017-12-27 15:44:01.111 plugin-container[17223:10137453] *** CFMessagePort: bootstrap_register(): failed 1100 (0x44c) 'Permission denied', port = 0x873b, name = 'com.apple.tsm.portname'
See /usr/include/servers/bootstrap_defs.h for the error codes.
1514411041194	Marionette	DEBUG	Received DOM event "pagehide" for "about:blank"
1514411041195	Marionette	DEBUG	Received DOM event "unload" for "about:blank"
1514411041598	Marionette	DEBUG	Received DOM event "DOMContentLoaded" for "https://www.python.org/"
1514411041625	Marionette	DEBUG	Received DOM event "pageshow" for "https://www.python.org/"
1514411109069	geckodriver	INFO	geckodriver 0.19.1
1514411109074	geckodriver	INFO	Listening on 127.0.0.1:54143
1514411110137	mozrunner::runner	INFO	Running command: "/Applications/Firefox.app/Contents/MacOS/firefox-bin" "-marionette" "-profile" "/var/folders/6p/ppmz77ds18vb56ydqttx_c9w0000gn/T/rust_mozprofile.ga5X9ralVkl4"
1514411111873	Marionette	INFO	Listening on port 54152
1514411111938	Marionette	WARN	TLS certificate errors will be ignored for this session
1514411112134	Marionette	DEBUG	loaded listener.js
1514411112164	Marionette	DEBUG	Received DOM event "beforeunload" for "about:blank"
2017-12-27 15:45:12.205 plugin-container[17296:10142165] *** CFMessagePort: bootstrap_register(): failed 1100 (0x44c) 'Permission denied', port = 0x893b, name = 'com.apple.tsm.portname'
See /usr/include/servers/bootstrap_defs.h for the error codes.
1514411112273	Marionette	DEBUG	Received DOM event "pagehide" for "about:blank"
1514411112273	Marionette	DEBUG	Received DOM event "unload" for "about:blank"
1514411112646	Marionette	DEBUG	Received DOM event "DOMContentLoaded" for "https://www.python.org/"
1514411112679	Marionette	DEBUG	Received DOM event "pageshow" for "https://www.python.org/"
[GFX1-]: Receive IPC close with reason=AbnormalShutdown
